INFO - 2023-12-14 00:27:31 --> Session: Class initialized using 'CodeIgniter\Session\Handlers\FileHandler' driver.
INFO - 2023-12-14 00:27:31 --> Session: Class initialized using 'CodeIgniter\Session\Handlers\FileHandler' driver.
INFO - 2023-12-14 00:27:38 --> Session: Class initialized using 'CodeIgniter\Session\Handlers\FileHandler' driver.
INFO - 2023-12-14 00:27:40 --> Session: Class initialized using 'CodeIgniter\Session\Handlers\FileHandler' driver.
INFO - 2023-12-14 00:28:28 --> Session: Class initialized using 'CodeIgniter\Session\Handlers\FileHandler' driver.
INFO - 2023-12-14 00:28:32 --> Session: Class initialized using 'CodeIgniter\Session\Handlers\FileHandler' driver.
INFO - 2023-12-14 00:30:46 --> Session: Class initialized using 'CodeIgniter\Session\Handlers\FileHandler' driver.
ERROR - 2023-12-14 10:35:55 --> Error connecting to the database: mysqli_sql_exception: Unknown database 'trabalho_final_jean' in C:\laragon\www\atividade_04-main\system\Database\MySQLi\Connection.php:185
Stack trace:
#0 C:\laragon\www\atividade_04-main\system\Database\MySQLi\Connection.php(185): mysqli->real_connect('localhost', 'root', '', 'trabalho_final_...', 3306, '', 0)
#1 C:\laragon\www\atividade_04-main\system\Database\BaseConnection.php(392): CodeIgniter\Database\MySQLi\Connection->connect(false)
#2 C:\laragon\www\atividade_04-main\system\Database\BaseConnection.php(575): CodeIgniter\Database\BaseConnection->initialize()
#3 C:\laragon\www\atividade_04-main\system\Database\BaseBuilder.php(1615): CodeIgniter\Database\BaseConnection->query('SELECT *\nFROM `...', Array, false)
#4 C:\laragon\www\atividade_04-main\system\Model.php(237): CodeIgniter\Database\BaseBuilder->get()
#5 C:\laragon\www\atividade_04-main\system\BaseModel.php(624): CodeIgniter\Model->doFindAll(0, 0)
#6 C:\laragon\www\atividade_04-main\app\Models\UsersModel.php(68): CodeIgniter\BaseModel->findAll()
#7 C:\laragon\www\atividade_04-main\app\Controllers\Home.php(10): App\Models\UsersModel->getAllUsers()
#8 C:\laragon\www\atividade_04-main\system\CodeIgniter.php(942): App\Controllers\Home->index()
#9 C:\laragon\www\atividade_04-main\system\CodeIgniter.php(502): CodeIgniter\CodeIgniter->runController(Object(App\Controllers\Home))
#10 C:\laragon\www\atividade_04-main\system\CodeIgniter.php(361): CodeIgniter\CodeIgniter->handleRequest(NULL, Object(Config\Cache), false)
#11 C:\laragon\www\atividade_04-main\public\index.php(79): CodeIgniter\CodeIgniter->run()
#12 {main}

Next CodeIgniter\Database\Exceptions\DatabaseException: Unknown database 'trabalho_final_jean' in C:\laragon\www\atividade_04-main\system\Database\MySQLi\Connection.php:229
Stack trace:
#0 C:\laragon\www\atividade_04-main\system\Database\BaseConnection.php(392): CodeIgniter\Database\MySQLi\Connection->connect(false)
#1 C:\laragon\www\atividade_04-main\system\Database\BaseConnection.php(575): CodeIgniter\Database\BaseConnection->initialize()
#2 C:\laragon\www\atividade_04-main\system\Database\BaseBuilder.php(1615): CodeIgniter\Database\BaseConnection->query('SELECT *\nFROM `...', Array, false)
#3 C:\laragon\www\atividade_04-main\system\Model.php(237): CodeIgniter\Database\BaseBuilder->get()
#4 C:\laragon\www\atividade_04-main\system\BaseModel.php(624): CodeIgniter\Model->doFindAll(0, 0)
#5 C:\laragon\www\atividade_04-main\app\Models\UsersModel.php(68): CodeIgniter\BaseModel->findAll()
#6 C:\laragon\www\atividade_04-main\app\Controllers\Home.php(10): App\Models\UsersModel->getAllUsers()
#7 C:\laragon\www\atividade_04-main\system\CodeIgniter.php(942): App\Controllers\Home->index()
#8 C:\laragon\www\atividade_04-main\system\CodeIgniter.php(502): CodeIgniter\CodeIgniter->runController(Object(App\Controllers\Home))
#9 C:\laragon\www\atividade_04-main\system\CodeIgniter.php(361): CodeIgniter\CodeIgniter->handleRequest(NULL, Object(Config\Cache), false)
#10 C:\laragon\www\atividade_04-main\public\index.php(79): CodeIgniter\CodeIgniter->run()
#11 {main}
CRITICAL - 2023-12-14 10:35:55 --> Unable to connect to the database.
Main connection [MySQLi]: Unknown database 'trabalho_final_jean'
in SYSTEMPATH\Database\BaseConnection.php on line 428.
 1 SYSTEMPATH\Database\BaseConnection.php(575): CodeIgniter\Database\BaseConnection->initialize()
 2 SYSTEMPATH\Database\BaseBuilder.php(1615): CodeIgniter\Database\BaseConnection->query('SELECT *
FROM `users`', [], false)
 3 SYSTEMPATH\Model.php(237): CodeIgniter\Database\BaseBuilder->get()
 4 SYSTEMPATH\BaseModel.php(624): CodeIgniter\Model->doFindAll(0, 0)
 5 APPPATH\Models\UsersModel.php(68): CodeIgniter\BaseModel->findAll()
 6 APPPATH\Controllers\Home.php(10): App\Models\UsersModel->getAllUsers()
 7 SYSTEMPATH\CodeIgniter.php(942): App\Controllers\Home->index()
 8 SYSTEMPATH\CodeIgniter.php(502): CodeIgniter\CodeIgniter->runController(Object(App\Controllers\Home))
 9 SYSTEMPATH\CodeIgniter.php(361): CodeIgniter\CodeIgniter->handleRequest(null, Object(Config\Cache), false)
10 FCPATH\index.php(79): CodeIgniter\CodeIgniter->run()
INFO - 2023-12-14 10:36:51 --> Session: Class initialized using 'CodeIgniter\Session\Handlers\FileHandler' driver.
INFO - 2023-12-14 10:36:51 --> Session: Class initialized using 'CodeIgniter\Session\Handlers\FileHandler' driver.
INFO - 2023-12-14 10:37:03 --> Session: Class initialized using 'CodeIgniter\Session\Handlers\FileHandler' driver.
INFO - 2023-12-14 10:37:05 --> Session: Class initialized using 'CodeIgniter\Session\Handlers\FileHandler' driver.
INFO - 2023-12-14 10:37:29 --> Session: Class initialized using 'CodeIgniter\Session\Handlers\FileHandler' driver.
INFO - 2023-12-14 10:37:40 --> Session: Class initialized using 'CodeIgniter\Session\Handlers\FileHandler' driver.
INFO - 2023-12-14 10:37:42 --> Session: Class initialized using 'CodeIgniter\Session\Handlers\FileHandler' driver.
